2023-02-15 14:42:49,908 INFO notifyConnectTimeout:100

2023-02-15 14:42:49,915 INFO notifySocketTimeout:200

2023-02-15 14:42:49,916 INFO isHealthCheck:true

2023-02-15 14:42:49,916 INFO maxHealthCheckFailCount:12

2023-02-15 14:42:49,916 INFO maxContent:10485760

2023-02-15 14:42:57,885 INFO use local db service for init

2023-02-15 14:42:59,895 WARN Lexical error at line 4, column 66.  Encountered: <EOF> after : "".

2023-02-15 14:42:59,901 WARN Syntax error: Encountered "*" at line 1, column 1.

2023-02-15 14:42:59,987 WARN Table/View 'CONFIG_INFO' already exists in Schema 'NACOS'.

2023-02-15 14:43:00,066 WARN Table/View 'HIS_CONFIG_INFO' already exists in Schema 'NACOS'.

2023-02-15 14:43:00,104 WARN Table/View 'CONFIG_INFO_BETA' already exists in Schema 'NACOS'.

2023-02-15 14:43:00,116 WARN Table/View 'CONFIG_INFO_TAG' already exists in Schema 'NACOS'.

2023-02-15 14:43:00,128 WARN Table/View 'CONFIG_INFO_AGGR' already exists in Schema 'NACOS'.

2023-02-15 14:43:00,145 WARN Table/View 'APP_LIST' already exists in Schema 'NACOS'.

2023-02-15 14:43:00,156 WARN Table/View 'APP_CONFIGDATA_RELATION_SUBS' already exists in Schema 'NACOS'.

2023-02-15 14:43:00,167 WARN Table/View 'APP_CONFIGDATA_RELATION_PUBS' already exists in Schema 'NACOS'.

2023-02-15 14:43:00,180 WARN Table/View 'CONFIG_TAGS_RELATION' already exists in Schema 'NACOS'.

2023-02-15 14:43:00,194 WARN Table/View 'GROUP_CAPACITY' already exists in Schema 'NACOS'.

2023-02-15 14:43:00,205 WARN Table/View 'TENANT_CAPACITY' already exists in Schema 'NACOS'.

2023-02-15 14:43:00,214 WARN Table/View 'TENANT_INFO' already exists in Schema 'NACOS'.

2023-02-15 14:43:00,228 WARN Table/View 'USERS' already exists in Schema 'NACOS'.

2023-02-15 14:43:00,238 WARN Table/View 'ROLES' already exists in Schema 'NACOS'.

2023-02-15 14:43:00,247 WARN Table/View 'PERMISSIONS' already exists in Schema 'NACOS'.

2023-02-15 14:43:00,347 WARN The statement was aborted because it would have caused a duplicate key value in a unique or primary key constraint or unique index identified by 'SQL230214213113320' defined on 'USERS'.

2023-02-15 14:43:00,357 WARN The statement was aborted because it would have caused a duplicate key value in a unique or primary key constraint or unique index identified by 'UK_USERNAME_ROLE' defined on 'ROLES'.

2023-02-15 14:43:00,359 WARN Lexical error at line 4, column 13.  Encountered: "`" (96), after : "".

2023-02-15 14:43:00,359 WARN Lexical error at line 1, column 13.  Encountered: "`" (96), after : "".

2023-02-15 14:43:00,360 WARN Lexical error at line 1, column 13.  Encountered: "`" (96), after : "".

2023-02-15 14:43:00,360 WARN Lexical error at line 1, column 13.  Encountered: "`" (96), after : "".

2023-02-15 14:43:00,361 INFO use StandaloneDatabaseOperateImpl

2023-02-15 14:43:00,528 WARN DumpService start

2023-02-15 14:43:00,530 INFO start clear all config-info.

2023-02-15 14:43:00,531 WARN clear all config-info failed.

2023-02-15 14:43:00,532 WARN clear all config-info-tenant failed.

2023-02-15 14:43:00,753 INFO [all-dump] 599690933207072768 / 599690933207072768

2023-02-15 14:43:00,753 INFO start clear all config-info-beta.

2023-02-15 14:43:00,754 WARN clear all config-info-beta failed.

2023-02-15 14:43:00,754 WARN clear all config-info-beta-tenant failed.

2023-02-15 14:43:00,774 INFO start clear all config-info-tag.

2023-02-15 14:43:00,774 WARN clear all config-info-tag failed.

2023-02-15 14:43:00,775 WARN clear all config-info-tag-tenant failed.

