/Users/Mac/Library/Java/JavaVirtualMachines/openjdk-19.0.1/Contents/Home/bin/java   -Xms512m -Xmx512m -Xmn256m -Dnacos.standalone=true -Dnacos.member.list= -Xlog:gc*:file=/Users/Mac/Downloads/cmt/nacos/logs/nacos_gc.log:time,tags:filecount=10,filesize=102400 -Dloader.path=/Users/Mac/Downloads/cmt/nacos/plugins,/Users/Mac/Downloads/cmt/nacos/plugins/health,/Users/Mac/Downloads/cmt/nacos/plugins/cmdb,/Users/Mac/Downloads/cmt/nacos/plugins/selector -Dnacos.home=/Users/Mac/Downloads/cmt/nacos -jar /Users/Mac/Downloads/cmt/nacos/target/nacos-server.jar  --spring.config.additional-location=file:/Users/Mac/Downloads/cmt/nacos/conf/ --logging.config=/Users/Mac/Downloads/cmt/nacos/conf/nacos-logback.xml --server.max-http-header-size=524288

         ,--.
       ,--.'|
   ,--,:  : |                                           Nacos 2.2.0
,`--.'`|  ' :                       ,---.               Running in stand alone mode, All function modules
|   :  :  | |                      '   ,'\   .--.--.    Port: 8848
:   |   \ | :  ,--.--.     ,---.  /   /   | /  /    '   Pid: 31811
|   : '  '; | /       \   /     \.   ; ,. :|  :  /`./   Console: http://192.168.1.72:8848/nacos/index.html
'   ' ;.    ;.--.  .-. | /    / ''   | |: :|  :  ;_
|   | | \   | \__\/: . ..    ' / '   | .; : \  \    `.      https://nacos.io
'   : |  ; .' ," .--.; |'   ; :__|   :    |  `----.   \
|   | '`--'  /  /  ,.  |'   | '.'|\   \  /  /  /`--'  /
'   : |     ;  :   .'   \   :    : `----'  '--'.     /
;   |.'     |  ,     .-./\   \  /            `--'---'
'---'        `--`---'     `----'

2023-02-15 14:42:55,603 INFO Tomcat initialized with port(s): 8848 (http)

2023-02-15 14:42:55,918 INFO Root WebApplicationContext: initialization completed in 5882 ms

2023-02-15 14:43:05,394 INFO Adding welcome page: class path resource [static/index.html]

2023-02-15 14:43:06,170 WARN You are asking Spring Security to ignore Ant [pattern='/**']. This is not recommended -- please use permitAll via HttpSecurity#authorizeHttpRequests instead.

2023-02-15 14:43:06,171 INFO Will not secure Ant [pattern='/**']

2023-02-15 14:43:06,217 INFO Will secure any request with [org.springframework.security.web.context.request.async.WebAsyncManagerIntegrationFilter@22bdb1d0, org.springframework.security.web.context.SecurityContextPersistenceFilter@1d02af26, org.springframework.security.web.header.HeaderWriterFilter@294aba23, org.springframework.security.web.csrf.CsrfFilter@57ddd45b, org.springframework.security.web.authentication.logout.LogoutFilter@79f90a3a, org.springframework.security.web.savedrequest.RequestCacheAwareFilter@4dd90166, org.springframework.security.web.servletapi.SecurityContextHolderAwareRequestFilter@a146b11, org.springframework.security.web.authentication.AnonymousAuthenticationFilter@67b355c8, org.springframework.security.web.session.SessionManagementFilter@58a2d9f9, org.springframework.security.web.access.ExceptionTranslationFilter@642a16aa]

2023-02-15 14:43:06,267 INFO Exposing 1 endpoint(s) beneath base path '/actuator'

2023-02-15 14:43:06,328 INFO Tomcat started on port(s): 8848 (http) with context path '/nacos'

2023-02-15 14:43:06,360 INFO Nacos started successfully in stand alone mode. use embedded storage

2023-02-15 14:43:08,284 INFO Initializing Servlet 'dispatcherServlet'

2023-02-15 14:43:08,287 INFO Completed initialization in 2 ms

